TN:
SF:src\App.jsx
FN:11,(anonymous_0)
FN:12,(anonymous_1)
FN:13,(anonymous_2)
FN:14,(anonymous_3)
FN:15,(anonymous_4)
FN:16,(anonymous_5)
FN:17,(anonymous_6)
FN:18,(anonymous_7)
FN:19,(anonymous_8)
FN:22,(anonymous_9)
FN:36,(anonymous_10)
FN:50,AppContent
FN:153,App
FNF:13
FNH:0
FNDA:0,(anonymous_0)
FNDA:0,(anonymous_1)
FNDA:0,(anonymous_2)
FNDA:0,(anonymous_3)
FNDA:0,(anonymous_4)
FNDA:0,(anonymous_5)
FNDA:0,(anonymous_6)
FNDA:0,(anonymous_7)
FNDA:0,(anonymous_8)
FNDA:0,(anonymous_9)
FNDA:0,(anonymous_10)
FNDA:0,AppContent
FNDA:0,App
DA:11,0
DA:12,0
DA:13,0
DA:14,0
DA:15,0
DA:16,0
DA:17,0
DA:18,0
DA:19,0
DA:22,0
DA:23,0
DA:25,0
DA:26,0
DA:33,0
DA:36,0
DA:37,0
DA:39,0
DA:40,0
DA:47,0
DA:51,0
DA:154,0
LF:21
LH:0
BRDA:25,0,0,0
BRDA:25,0,1,0
BRDA:33,1,0,0
BRDA:33,1,1,0
BRDA:39,2,0,0
BRDA:39,2,1,0
BRDA:47,3,0,0
BRDA:47,3,1,0
BRF:8
BRH:0
end_of_record
TN:
SF:src\index.jsx
FNF:0
FNH:0
DA:6,0
DA:7,0
LF:2
LH:0
BRF:0
BRH:0
end_of_record
TN:
SF:src\components\ErrorBoundary.jsx
FN:4,(anonymous_0)
FN:9,(anonymous_1)
FN:13,(anonymous_2)
FN:22,(anonymous_3)
FN:40,(anonymous_4)
FN:46,(anonymous_5)
FNF:6
FNH:0
FNDA:0,(anonymous_0)
FNDA:0,(anonymous_1)
FNDA:0,(anonymous_2)
FNDA:0,(anonymous_3)
FNDA:0,(anonymous_4)
FNDA:0,(anonymous_5)
DA:5,0
DA:6,0
DA:10,0
DA:14,0
DA:15,0
DA:17,0
DA:23,0
DA:24,0
DA:40,0
DA:46,0
DA:57,0
LF:11
LH:0
BRDA:17,0,0,0
BRDA:17,0,1,0
BRDA:23,1,0,0
BRDA:23,1,1,0
BRDA:32,2,0,0
BRDA:32,2,1,0
BRDA:32,2,2,0
BRF:7
BRH:0
end_of_record
TN:
SF:src\components\Analysis\ResultCard.jsx
FN:4,(anonymous_0)
FN:5,(anonymous_1)
FN:15,(anonymous_2)
FN:107,(anonymous_3)
FNF:4
FNH:0
FNDA:0,(anonymous_0)
FNDA:0,(anonymous_1)
FNDA:0,(anonymous_2)
FNDA:0,(anonymous_3)
DA:4,0
DA:5,0
DA:6,0
DA:7,0
DA:8,0
DA:9,0
DA:10,0
DA:11,0
DA:15,0
DA:16,0
DA:17,0
DA:18,0
DA:21,0
DA:108,0
LF:14
LH:0
BRDA:6,0,0,0
BRDA:6,0,1,0
BRDA:6,0,2,0
BRDA:6,0,3,0
BRDA:6,0,4,0
BRDA:16,1,0,0
BRDA:16,1,1,0
BRDA:17,2,0,0
BRDA:17,2,1,0
BRDA:53,3,0,0
BRDA:53,3,1,0
BRDA:53,4,0,0
BRDA:53,4,1,0
BRDA:92,5,0,0
BRDA:92,5,1,0
BRDA:93,6,0,0
BRDA:93,6,1,0
BRDA:94,7,0,0
BRDA:94,7,1,0
BRDA:103,8,0,0
BRDA:103,8,1,0
BRDA:103,8,2,0
BRDA:129,9,0,0
BRDA:129,9,1,0
BRDA:153,10,0,0
BRDA:153,10,1,0
BRDA:159,11,0,0
BRDA:159,11,1,0
BRDA:160,12,0,0
BRDA:160,12,1,0
BRDA:163,13,0,0
BRDA:163,13,1,0
BRDA:166,14,0,0
BRDA:166,14,1,0
BRDA:169,15,0,0
BRDA:169,15,1,0
BRDA:170,16,0,0
BRDA:170,16,1,0
BRF:38
BRH:0
end_of_record
TN:
SF:src\components\Layout\Footer.jsx
FN:5,(anonymous_0)
FNF:1
FNH:0
FNDA:0,(anonymous_0)
DA:5,0
DA:6,0
LF:2
LH:0
BRF:0
BRH:0
end_of_record
TN:
SF:src\components\Layout\Navbar.jsx
FN:5,(anonymous_0)
FN:11,(anonymous_1)
FN:48,(anonymous_2)
FN:68,(anonymous_3)
FN:105,(anonymous_4)
FN:117,(anonymous_5)
FN:120,(anonymous_6)
FN:123,(anonymous_7)
FN:132,(anonymous_8)
FN:135,(anonymous_9)
FN:138,(anonymous_10)
FN:142,(anonymous_11)
FN:145,(anonymous_12)
FNF:13
FNH:0
FNDA:0,(anonymous_0)
FNDA:0,(anonymous_1)
FNDA:0,(anonymous_2)
FNDA:0,(anonymous_3)
FNDA:0,(anonymous_4)
FNDA:0,(anonymous_5)
FNDA:0,(anonymous_6)
FNDA:0,(anonymous_7)
FNDA:0,(anonymous_8)
FNDA:0,(anonymous_9)
FNDA:0,(anonymous_10)
FNDA:0,(anonymous_11)
FNDA:0,(anonymous_12)
DA:5,0
DA:6,0
DA:7,0
DA:8,0
DA:9,0
DA:11,0
DA:12,0
DA:13,0
DA:14,0
DA:17,0
DA:48,0
DA:68,0
DA:105,0
DA:117,0
DA:120,0
DA:123,0
DA:132,0
DA:135,0
DA:138,0
DA:142,0
DA:145,0
LF:21
LH:0
BRDA:22,0,0,0
BRDA:22,0,1,0
BRDA:34,1,0,0
BRDA:34,1,1,0
BRDA:53,2,0,0
BRDA:53,2,1,0
BRDA:53,3,0,0
BRDA:53,3,1,0
BRDA:56,4,0,0
BRDA:56,4,1,0
BRDA:56,4,2,0
BRDA:56,4,3,0
BRDA:62,5,0,0
BRDA:62,5,1,0
BRDA:65,6,0,0
BRDA:65,6,1,0
BRDA:65,6,2,0
BRDA:65,6,3,0
BRDA:106,7,0,0
BRDA:106,7,1,0
BRDA:112,8,0,0
BRDA:112,8,1,0
BRDA:115,9,0,0
BRDA:115,9,1,0
BRF:24
BRH:0
end_of_record
TN:
SF:src\components\UI\FileUpload.jsx
FN:6,(anonymous_0)
FN:15,(anonymous_1)
FN:18,(anonymous_2)
FN:19,(anonymous_3)
FN:44,(anonymous_4)
FN:52,(anonymous_5)
FN:64,(anonymous_6)
FN:83,(anonymous_7)
FN:84,(anonymous_8)
FN:178,(anonymous_9)
FNF:10
FNH:0
FNDA:0,(anonymous_0)
FNDA:0,(anonymous_1)
FNDA:0,(anonymous_2)
FNDA:0,(anonymous_3)
FNDA:0,(anonymous_4)
FNDA:0,(anonymous_5)
FNDA:0,(anonymous_6)
FNDA:0,(anonymous_7)
FNDA:0,(anonymous_8)
FNDA:0,(anonymous_9)
DA:6,0
DA:7,0
DA:8,0
DA:9,0
DA:10,0
DA:11,0
DA:12,0
DA:13,0
DA:15,0
DA:16,0
DA:17,0
DA:18,0
DA:19,0
DA:20,0
DA:21,0
DA:22,0
DA:24,0
DA:28,0
DA:29,0
DA:30,0
DA:33,0
DA:42,0
DA:43,0
DA:44,0
DA:45,0
DA:47,0
DA:49,0
DA:52,0
DA:53,0
DA:54,0
DA:57,0
DA:58,0
DA:59,0
DA:60,0
DA:64,0
DA:65,0
DA:67,0
DA:68,0
DA:69,0
DA:70,0
DA:73,0
DA:74,0
DA:78,0
DA:83,0
DA:84,0
DA:87,0
DA:179,0
DA:180,0
LF:48
LH:0
BRDA:6,0,0,0
BRDA:6,1,0,0
BRDA:13,2,0,0
BRDA:13,2,1,0
BRDA:16,3,0,0
BRDA:16,3,1,0
BRDA:20,4,0,0
BRDA:20,4,1,0
BRDA:42,5,0,0
BRDA:42,5,1,0
BRDA:67,6,0,0
BRDA:67,6,1,0
BRDA:73,7,0,0
BRDA:73,7,1,0
BRDA:91,8,0,0
BRDA:91,8,1,0
BRDA:91,9,0,0
BRDA:91,9,1,0
BRDA:101,10,0,0
BRDA:101,10,1,0
BRDA:101,10,2,0
BRDA:113,11,0,0
BRDA:113,11,1,0
BRDA:113,12,0,0
BRDA:113,12,1,0
BRDA:122,13,0,0
BRDA:122,13,1,0
BRDA:136,14,0,0
BRDA:136,14,1,0
BRDA:137,15,0,0
BRDA:137,15,1,0
BRDA:139,16,0,0
BRDA:139,16,1,0
BRDA:163,17,0,0
BRDA:163,17,1,0
BRDA:201,18,0,0
BRDA:201,18,1,0
BRDA:202,19,0,0
BRDA:202,19,1,0
BRDA:204,20,0,0
BRDA:204,20,1,0
BRDA:207,21,0,0
BRDA:207,21,1,0
BRDA:211,22,0,0
BRDA:211,22,1,0
BRDA:213,23,0,0
BRDA:213,23,1,0
BRF:47
BRH:0
end_of_record
TN:
SF:src\components\UI\LoadingSpinner.jsx
FN:4,(anonymous_0)
FNF:1
FNH:0
FNDA:0,(anonymous_0)
DA:4,0
DA:5,0
DA:12,0
LF:3
LH:0
BRDA:4,0,0,0
BRDA:4,1,0,0
BRDA:28,2,0,0
BRDA:28,2,1,0
BRF:4
BRH:0
end_of_record
TN:
SF:src\components\UI\ProgressBar.jsx
FN:3,(anonymous_0)
FNF:1
FNH:0
FNDA:0,(anonymous_0)
DA:3,0
DA:4,0
LF:2
LH:0
BRDA:6,0,0,0
BRDA:6,0,1,0
BRF:2
BRH:0
end_of_record
TN:
SF:src\components\UI\Skeleton.jsx
FN:3,(anonymous_0)
FN:17,(anonymous_1)
FNF:2
FNH:0
FNDA:0,(anonymous_0)
FNDA:0,(anonymous_1)
DA:3,0
DA:4,0
DA:6,0
DA:14,0
DA:17,0
DA:18,0
LF:6
LH:0
BRDA:3,0,0,0
BRDA:3,1,0,0
BRF:2
BRH:0
end_of_record
TN:
SF:src\context\AuthContext.jsx
FN:6,(anonymous_0)
FN:14,(anonymous_1)
FN:19,(anonymous_2)
FN:30,(anonymous_3)
FN:38,(anonymous_4)
FN:59,(anonymous_5)
FN:71,(anonymous_6)
FN:94,(anonymous_7)
FN:106,(anonymous_8)
FN:118,(anonymous_9)
FN:124,(anonymous_10)
FNF:11
FNH:0
FNDA:0,(anonymous_0)
FNDA:0,(anonymous_1)
FNDA:0,(anonymous_2)
FNDA:0,(anonymous_3)
FNDA:0,(anonymous_4)
FNDA:0,(anonymous_5)
FNDA:0,(anonymous_6)
FNDA:0,(anonymous_7)
FNDA:0,(anonymous_8)
FNDA:0,(anonymous_9)
FNDA:0,(anonymous_10)
DA:4,0
DA:6,0
DA:7,0
DA:8,0
DA:9,0
DA:11,0
DA:14,0
DA:15,0
DA:16,0
DA:17,0
DA:19,0
DA:20,0
DA:21,0
DA:22,0
DA:23,0
DA:26,0
DA:30,0
DA:31,0
DA:32,0
DA:34,0
DA:38,0
DA:39,0
DA:40,0
DA:41,0
DA:43,0
DA:44,0
DA:45,0
DA:47,0
DA:48,0
DA:50,0
DA:52,0
DA:59,0
DA:60,0
DA:61,0
DA:62,0
DA:64,0
DA:71,0
DA:72,0
DA:73,0
DA:74,0
DA:76,0
DA:77,0
DA:78,0
DA:79,0
DA:81,0
DA:82,0
DA:85,0
DA:87,0
DA:94,0
DA:95,0
DA:96,0
DA:97,0
DA:99,0
DA:106,0
DA:107,0
DA:108,0
DA:109,0
DA:111,0
DA:118,0
DA:119,0
DA:120,0
DA:121,0
DA:124,0
DA:125,0
DA:126,0
DA:127,0
DA:128,0
DA:131,0
DA:145,0
LF:69
LH:0
BRDA:8,0,0,0
BRDA:8,0,1,0
BRDA:20,1,0,0
BRDA:20,1,1,0
BRDA:22,2,0,0
BRDA:22,2,1,0
BRDA:31,3,0,0
BRDA:31,3,1,0
BRDA:54,4,0,0
BRDA:54,4,1,0
BRDA:66,5,0,0
BRDA:66,5,1,0
BRDA:76,6,0,0
BRDA:76,6,1,0
BRDA:76,7,0,0
BRDA:76,7,1,0
BRDA:89,8,0,0
BRDA:89,8,1,0
BRDA:101,9,0,0
BRDA:101,9,1,0
BRDA:113,10,0,0
BRDA:113,10,1,0
BRDA:142,11,0,0
BRDA:142,11,1,0
BRF:24
BRH:0
end_of_record
TN:
SF:src\context\SettingsContext.jsx
FN:5,(anonymous_0)
FN:13,(anonymous_1)
FN:31,(anonymous_2)
FN:38,(anonymous_3)
FN:39,(anonymous_4)
FNF:5
FNH:0
FNDA:0,(anonymous_0)
FNDA:0,(anonymous_1)
FNDA:0,(anonymous_2)
FNDA:0,(anonymous_3)
FNDA:0,(anonymous_4)
DA:3,0
DA:5,0
DA:6,0
DA:7,0
DA:8,0
DA:10,0
DA:13,0
DA:14,0
DA:31,0
DA:32,0
DA:33,0
DA:34,0
DA:38,0
DA:39,0
DA:40,0
DA:47,0
DA:48,0
DA:52,0
LF:18
LH:0
BRDA:7,0,0,0
BRDA:7,0,1,0
BRDA:33,1,0,0
BRDA:33,1,1,0
BRF:4
BRH:0
end_of_record
TN:
SF:src\context\ThemeContext.jsx
FN:5,(anonymous_0)
FN:13,(anonymous_1)
FN:14,(anonymous_2)
FN:18,(anonymous_3)
FN:23,(anonymous_4)
FN:24,(anonymous_5)
FNF:6
FNH:0
FNDA:0,(anonymous_0)
FNDA:0,(anonymous_1)
FNDA:0,(anonymous_2)
FNDA:0,(anonymous_3)
FNDA:0,(anonymous_4)
FNDA:0,(anonymous_5)
DA:3,0
DA:5,0
DA:6,0
DA:7,0
DA:8,0
DA:10,0
DA:13,0
DA:14,0
DA:15,0
DA:18,0
DA:19,0
DA:20,0
DA:23,0
DA:24,0
DA:27,0
LF:15
LH:0
BRDA:7,0,0,0
BRDA:7,0,1,0
BRDA:15,1,0,0
BRDA:15,1,1,0
BRDA:24,2,0,0
BRDA:24,2,1,0
BRF:6
BRH:0
end_of_record
TN:
SF:src\hooks\useAbortController.jsx
FN:3,(anonymous_0)
FN:6,(anonymous_1)
FN:9,(anonymous_2)
FNF:3
FNH:0
FNDA:0,(anonymous_0)
FNDA:0,(anonymous_1)
FNDA:0,(anonymous_2)
DA:3,0
DA:4,0
DA:6,0
DA:7,0
DA:9,0
DA:10,0
DA:11,0
DA:16,0
LF:8
LH:0
BRDA:10,0,0,0
BRDA:10,0,1,0
BRF:2
BRH:0
end_of_record
TN:
SF:src\hooks\useFileUpload.jsx
FN:5,(anonymous_0)
FN:9,(anonymous_1)
FN:26,(anonymous_2)
FNF:3
FNH:0
FNDA:0,(anonymous_0)
FNDA:0,(anonymous_1)
FNDA:0,(anonymous_2)
DA:5,0
DA:6,0
DA:7,0
DA:9,0
DA:10,0
DA:11,0
DA:12,0
DA:15,0
DA:16,0
DA:18,0
DA:19,0
DA:21,0
DA:22,0
DA:27,0
DA:30,0
DA:34,0
DA:35,0
DA:38,0
DA:39,0
DA:41,0
DA:42,0
DA:44,0
DA:45,0
DA:48,0
DA:50,0
DA:51,0
DA:55,0
LF:27
LH:0
BRDA:10,0,0,0
BRDA:10,0,1,0
BRDA:34,1,0,0
BRDA:34,1,1,0
BRDA:41,2,0,0
BRDA:41,2,1,0
BRDA:44,3,0,0
BRDA:44,3,1,0
BRF:8
BRH:0
end_of_record
TN:
SF:src\hooks\useFileValidation.jsx
FN:4,(anonymous_0)
FN:7,(anonymous_1)
FN:33,(anonymous_2)
FNF:3
FNH:0
FNDA:0,(anonymous_0)
FNDA:0,(anonymous_1)
FNDA:0,(anonymous_2)
DA:4,0
DA:5,0
DA:7,0
DA:11,0
DA:13,0
DA:15,0
DA:16,0
DA:17,0
DA:20,0
DA:21,0
DA:22,0
DA:25,0
DA:26,0
DA:27,0
DA:30,0
DA:33,0
LF:16
LH:0
BRDA:7,0,0,0
BRDA:9,1,0,0
BRDA:10,2,0,0
BRDA:15,3,0,0
BRDA:15,3,1,0
BRDA:20,4,0,0
BRDA:20,4,1,0
BRDA:25,5,0,0
BRDA:25,5,1,0
BRF:9
BRH:0
end_of_record
TN:
SF:src\pages\AnalysisDetails.jsx
FN:8,(anonymous_0)
FN:15,(anonymous_1)
FN:161,(anonymous_2)
FN:258,(anonymous_3)
FN:266,(anonymous_4)
FN:268,(anonymous_5)
FN:276,(anonymous_6)
FN:277,(anonymous_7)
FN:279,(anonymous_8)
FN:284,(anonymous_9)
FN:288,(anonymous_10)
FN:292,(anonymous_11)
FN:323,(anonymous_12)
FN:331,(anonymous_13)
FN:355,(anonymous_14)
FN:380,(anonymous_15)
FN:381,(anonymous_16)
FN:509,(anonymous_17)
FNF:18
FNH:0
FNDA:0,(anonymous_0)
FNDA:0,(anonymous_1)
FNDA:0,(anonymous_2)
FNDA:0,(anonymous_3)
FNDA:0,(anonymous_4)
FNDA:0,(anonymous_5)
FNDA:0,(anonymous_6)
FNDA:0,(anonymous_7)
FNDA:0,(anonymous_8)
FNDA:0,(anonymous_9)
FNDA:0,(anonymous_10)
FNDA:0,(anonymous_11)
FNDA:0,(anonymous_12)
FNDA:0,(anonymous_13)
FNDA:0,(anonymous_14)
FNDA:0,(anonymous_15)
FNDA:0,(anonymous_16)
FNDA:0,(anonymous_17)
DA:8,0
DA:9,0
DA:10,0
DA:11,0
DA:12,0
DA:13,0
DA:15,0
DA:16,0
DA:26,0
DA:162,0
DA:163,0
DA:164,0
DA:246,0
DA:247,0
DA:248,0
DA:249,0
DA:250,0
DA:251,0
DA:252,0
DA:253,0
DA:254,0
DA:255,0
DA:258,0
DA:259,0
DA:261,0
DA:262,0
DA:267,0
DA:269,0
DA:272,0
DA:276,0
DA:277,0
DA:278,0
DA:280,0
DA:284,0
DA:285,0
DA:288,0
DA:289,0
DA:290,0
DA:291,0
DA:292,0
DA:294,0
DA:295,0
DA:296,0
DA:297,0
DA:299,0
DA:300,0
DA:303,0
DA:304,0
DA:306,0
DA:310,0
DA:311,0
DA:318,0
DA:319,0
DA:323,0
DA:331,0
DA:332,0
DA:334,0
DA:336,0
DA:338,0
DA:340,0
DA:344,0
DA:355,0
DA:380,0
DA:382,0
DA:383,0
DA:384,0
DA:510,0
LF:67
LH:0
BRDA:17,0,0,0
BRDA:17,0,1,0
BRDA:19,1,0,0
BRDA:19,1,1,0
BRDA:20,2,0,0
BRDA:20,2,1,0
BRDA:21,3,0,0
BRDA:21,3,1,0
BRDA:22,4,0,0
BRDA:22,4,1,0
BRDA:23,5,0,0
BRDA:23,5,1,0
BRDA:118,6,0,0
BRDA:118,6,1,0
BRDA:122,7,0,0
BRDA:122,7,1,0
BRDA:132,8,0,0
BRDA:132,8,1,0
BRDA:132,9,0,0
BRDA:132,9,1,0
BRDA:139,10,0,0
BRDA:139,10,1,0
BRDA:139,11,0,0
BRDA:139,11,1,0
BRDA:148,12,0,0
BRDA:148,12,1,0
BRDA:148,13,0,0
BRDA:148,13,1,0
BRDA:163,14,0,0
BRDA:163,14,1,0
BRDA:163,15,0,0
BRDA:163,15,1,0
BRDA:181,16,0,0
BRDA:181,16,1,0
BRDA:193,17,0,0
BRDA:193,17,1,0
BRDA:259,18,0,0
BRDA:259,18,1,0
BRDA:259,19,0,0
BRDA:259,19,1,0
BRDA:259,20,0,0
BRDA:259,20,1,0
BRDA:261,21,0,0
BRDA:261,21,1,0
BRDA:291,22,0,0
BRDA:291,22,1,0
BRDA:292,23,0,0
BRDA:292,23,1,0
BRDA:294,24,0,0
BRDA:294,24,1,0
BRDA:310,25,0,0
BRDA:310,25,1,0
BRDA:318,26,0,0
BRDA:318,26,1,0
BRDA:332,27,0,0
BRDA:332,27,1,0
BRDA:332,27,2,0
BRDA:332,27,3,0
BRDA:355,28,0,0
BRDA:355,28,1,0
BRDA:358,29,0,0
BRDA:358,29,1,0
BRDA:363,30,0,0
BRDA:363,30,1,0
BRDA:365,31,0,0
BRDA:365,31,1,0
BRDA:365,32,0,0
BRDA:365,32,1,0
BRDA:375,33,0,0
BRDA:375,33,1,0
BRDA:388,34,0,0
BRDA:388,34,1,0
BRDA:390,35,0,0
BRDA:390,35,1,0
BRDA:393,36,0,0
BRDA:393,36,1,0
BRDA:404,37,0,0
BRDA:404,37,1,0
BRDA:408,38,0,0
BRDA:408,38,1,0
BRDA:425,39,0,0
BRDA:425,39,1,0
BRDA:453,40,0,0
BRDA:453,40,1,0
BRDA:460,41,0,0
BRDA:460,41,1,0
BRDA:470,42,0,0
BRDA:470,42,1,0
BRDA:471,43,0,0
BRDA:471,43,1,0
BRDA:472,44,0,0
BRDA:472,44,1,0
BRDA:479,45,0,0
BRDA:479,45,1,0
BRDA:487,46,0,0
BRDA:487,46,1,0
BRDA:522,47,0,0
BRDA:522,47,1,0
BRDA:523,48,0,0
BRDA:523,48,1,0
BRF:100
BRH:0
end_of_record
TN:
SF:src\pages\Analyze.jsx
FN:12,(anonymous_0)
FN:24,(anonymous_1)
FN:29,(anonymous_2)
FN:40,(anonymous_3)
FN:55,(anonymous_4)
FN:70,(anonymous_5)
FN:71,(anonymous_6)
FN:82,(anonymous_7)
FN:126,(anonymous_8)
FN:133,(anonymous_9)
FN:134,(anonymous_10)
FN:141,(anonymous_11)
FN:146,(anonymous_12)
FN:271,(anonymous_13)
FN:281,(anonymous_14)
FN:288,(anonymous_15)
FN:300,(anonymous_16)
FN:306,(anonymous_17)
FNF:18
FNH:0
FNDA:0,(anonymous_0)
FNDA:0,(anonymous_1)
FNDA:0,(anonymous_2)
FNDA:0,(anonymous_3)
FNDA:0,(anonymous_4)
FNDA:0,(anonymous_5)
FNDA:0,(anonymous_6)
FNDA:0,(anonymous_7)
FNDA:0,(anonymous_8)
FNDA:0,(anonymous_9)
FNDA:0,(anonymous_10)
FNDA:0,(anonymous_11)
FNDA:0,(anonymous_12)
FNDA:0,(anonymous_13)
FNDA:0,(anonymous_14)
FNDA:0,(anonymous_15)
FNDA:0,(anonymous_16)
FNDA:0,(anonymous_17)
DA:12,0
DA:13,0
DA:14,0
DA:15,0
DA:16,0
DA:17,0
DA:18,0
DA:19,0
DA:20,0
DA:21,0
DA:22,0
DA:24,0
DA:25,0
DA:26,0
DA:29,0
DA:30,0
DA:31,0
DA:32,0
DA:34,0
DA:40,0
DA:41,0
DA:42,0
DA:43,0
DA:46,0
DA:47,0
DA:48,0
DA:51,0
DA:52,0
DA:55,0
DA:56,0
DA:57,0
DA:58,0
DA:61,0
DA:62,0
DA:63,0
DA:64,0
DA:65,0
DA:67,0
DA:70,0
DA:71,0
DA:72,0
DA:73,0
DA:77,0
DA:81,0
DA:82,0
DA:83,0
DA:84,0
DA:85,0
DA:89,0
DA:90,0
DA:96,0
DA:97,0
DA:98,0
DA:99,0
DA:101,0
DA:102,0
DA:103,0
DA:105,0
DA:106,0
DA:107,0
DA:110,0
DA:112,0
DA:115,0
DA:116,0
DA:117,0
DA:118,0
DA:119,0
DA:120,0
DA:122,0
DA:125,0
DA:126,0
DA:127,0
DA:128,0
DA:133,0
DA:134,0
DA:135,0
DA:136,0
DA:141,0
DA:142,0
DA:143,0
DA:146,0
DA:147,0
DA:148,0
DA:149,0
DA:150,0
DA:153,0
DA:271,0
DA:282,0
DA:283,0
DA:288,0
DA:301,0
DA:302,0
DA:303,0
DA:304,0
DA:307,0
DA:308,0
DA:309,0
DA:310,0
LF:98
LH:0
BRDA:21,0,0,0
BRDA:21,0,1,0
BRDA:32,1,0,0
BRDA:32,1,1,0
BRDA:41,2,0,0
BRDA:41,2,1,0
BRDA:46,3,0,0
BRDA:46,3,1,0
BRDA:56,4,0,0
BRDA:56,4,1,0
BRDA:72,5,0,0
BRDA:72,5,1,0
BRDA:73,6,0,0
BRDA:73,6,1,0
BRDA:75,7,0,0
BRDA:75,7,1,0
BRDA:77,8,0,0
BRDA:77,8,1,0
BRDA:83,9,0,0
BRDA:83,9,1,0
BRDA:87,10,0,0
BRDA:87,10,1,0
BRDA:101,11,0,0
BRDA:101,11,1,0
BRDA:101,12,0,0
BRDA:101,12,1,0
BRDA:117,13,0,0
BRDA:117,13,1,0
BRDA:119,14,0,0
BRDA:119,14,1,0
BRDA:122,15,0,0
BRDA:122,15,1,0
BRDA:135,16,0,0
BRDA:135,16,1,0
BRDA:147,17,0,0
BRDA:147,17,1,0
BRDA:148,18,0,0
BRDA:148,18,1,0
BRDA:149,19,0,0
BRDA:149,19,1,0
BRDA:201,20,0,0
BRDA:201,20,1,0
BRDA:207,21,0,0
BRDA:207,21,1,0
BRDA:219,22,0,0
BRDA:219,22,1,0
BRDA:226,23,0,0
BRDA:226,23,1,0
BRDA:242,24,0,0
BRDA:242,24,1,0
BRDA:246,25,0,0
BRDA:246,25,1,0
BRDA:255,26,0,0
BRDA:255,26,1,0
BRDA:255,26,2,0
BRDA:259,27,0,0
BRDA:259,27,1,0
BRDA:259,27,2,0
BRDA:259,27,3,0
BRDA:259,27,4,0
BRDA:293,28,0,0
BRDA:293,28,1,0
BRDA:302,29,0,0
BRDA:302,29,1,0
BRDA:302,30,0,0
BRDA:302,30,1,0
BRDA:303,31,0,0
BRDA:303,31,1,0
BRDA:303,32,0,0
BRDA:303,32,1,0
BRDA:308,33,0,0
BRDA:308,33,1,0
BRDA:308,34,0,0
BRDA:308,34,1,0
BRDA:309,35,0,0
BRDA:309,35,1,0
BRDA:309,36,0,0
BRDA:309,36,1,0
BRDA:325,37,0,0
BRDA:325,37,1,0
BRDA:325,37,2,0
BRDA:325,37,3,0
BRDA:325,37,4,0
BRF:83
BRH:0
end_of_record
TN:
SF:src\pages\Dashboard.jsx
FN:9,(anonymous_0)
FN:15,(anonymous_1)
FN:19,(anonymous_2)
FN:24,(anonymous_3)
FN:33,(anonymous_4)
FN:36,(anonymous_5)
FN:43,(anonymous_6)
FN:69,(anonymous_7)
FN:76,(anonymous_8)
FN:83,(anonymous_9)
FN:103,(anonymous_10)
FN:104,(anonymous_11)
FN:109,(anonymous_12)
FN:113,(anonymous_13)
FN:117,(anonymous_14)
FN:121,(anonymous_15)
FN:125,(anonymous_16)
FN:126,(anonymous_17)
FN:128,(anonymous_18)
FN:153,(anonymous_19)
FN:158,(anonymous_20)
FN:160,(anonymous_21)
FN:162,(anonymous_22)
FN:164,(anonymous_23)
FN:173,(anonymous_24)
FN:184,(anonymous_25)
FN:186,(anonymous_26)
FN:191,(anonymous_27)
FN:191,(anonymous_28)
FN:406,(anonymous_29)
FN:414,(anonymous_30)
FN:486,(anonymous_31)
FN:490,(anonymous_32)
FN:521,(anonymous_33)
FNF:34
FNH:0
FNDA:0,(anonymous_0)
FNDA:0,(anonymous_1)
FNDA:0,(anonymous_2)
FNDA:0,(anonymous_3)
FNDA:0,(anonymous_4)
FNDA:0,(anonymous_5)
FNDA:0,(anonymous_6)
FNDA:0,(anonymous_7)
FNDA:0,(anonymous_8)
FNDA:0,(anonymous_9)
FNDA:0,(anonymous_10)
FNDA:0,(anonymous_11)
FNDA:0,(anonymous_12)
FNDA:0,(anonymous_13)
FNDA:0,(anonymous_14)
FNDA:0,(anonymous_15)
FNDA:0,(anonymous_16)
FNDA:0,(anonymous_17)
FNDA:0,(anonymous_18)
FNDA:0,(anonymous_19)
FNDA:0,(anonymous_20)
FNDA:0,(anonymous_21)
FNDA:0,(anonymous_22)
FNDA:0,(anonymous_23)
FNDA:0,(anonymous_24)
FNDA:0,(anonymous_25)
FNDA:0,(anonymous_26)
FNDA:0,(anonymous_27)
FNDA:0,(anonymous_28)
FNDA:0,(anonymous_29)
FNDA:0,(anonymous_30)
FNDA:0,(anonymous_31)
FNDA:0,(anonymous_32)
FNDA:0,(anonymous_33)
DA:9,0
DA:10,0
DA:11,0
DA:12,0
DA:13,0
DA:15,0
DA:16,0
DA:19,0
DA:20,0
DA:24,0
DA:25,0
DA:26,0
DA:30,0
DA:33,0
DA:34,0
DA:36,0
DA:37,0
DA:38,0
DA:39,0
DA:43,0
DA:44,0
DA:45,0
DA:51,0
DA:52,0
DA:53,0
DA:55,0
DA:57,0
DA:61,0
DA:62,0
DA:69,0
DA:70,0
DA:71,0
DA:72,0
DA:73,0
DA:76,0
DA:77,0
DA:78,0
DA:79,0
DA:80,0
DA:83,0
DA:84,0
DA:85,0
DA:99,0
DA:100,0
DA:101,0
DA:103,0
DA:104,0
DA:105,0
DA:106,0
DA:109,0
DA:110,0
DA:113,0
DA:114,0
DA:117,0
DA:118,0
DA:121,0
DA:122,0
DA:125,0
DA:126,0
DA:128,0
DA:129,0
DA:132,0
DA:146,0
DA:148,0
DA:153,0
DA:155,0
DA:158,0
DA:160,0
DA:161,0
DA:162,0
DA:164,0
DA:165,0
DA:166,0
DA:167,0
DA:168,0
DA:169,0
DA:170,0
DA:173,0
DA:176,0
DA:182,0
DA:184,0
DA:185,0
DA:186,0
DA:188,0
DA:189,0
DA:191,0
DA:192,0
DA:193,0
DA:196,0
DA:199,0
DA:201,0
DA:211,0
DA:222,0
DA:407,0
DA:415,0
DA:486,0
DA:491,0
DA:522,0
LF:98
LH:0
BRDA:25,0,0,0
BRDA:25,0,1,0
BRDA:52,1,0,0
BRDA:52,1,1,0
BRDA:53,2,0,0
BRDA:53,2,1,0
BRDA:61,3,0,0
BRDA:61,3,1,0
BRDA:70,4,0,0
BRDA:70,4,1,0
BRDA:73,5,0,0
BRDA:73,5,1,0
BRDA:77,6,0,0
BRDA:77,6,1,0
BRDA:78,7,0,0
BRDA:78,7,1,0
BRDA:79,8,0,0
BRDA:79,8,1,0
BRDA:84,9,0,0
BRDA:84,9,1,0
BRDA:84,10,0,0
BRDA:84,10,1,0
BRDA:106,11,0,0
BRDA:106,11,1,0
BRDA:129,12,0,0
BRDA:129,12,1,0
BRDA:168,13,0,0
BRDA:168,13,1,0
BRDA:168,14,0,0
BRDA:168,14,1,0
BRDA:169,15,0,0
BRDA:169,15,1,0
BRDA:170,16,0,0
BRDA:170,16,1,0
BRDA:179,17,0,0
BRDA:179,17,1,0
BRDA:179,18,0,0
BRDA:179,18,1,0
BRDA:297,19,0,0
BRDA:297,19,1,0
BRDA:299,20,0,0
BRDA:299,20,1,0
BRDA:320,21,0,0
BRDA:320,21,1,0
BRDA:341,22,0,0
BRDA:341,22,1,0
BRDA:362,23,0,0
BRDA:362,23,1,0
BRDA:383,24,0,0
BRDA:383,24,1,0
BRDA:519,25,0,0
BRDA:519,25,1,0
BRDA:525,26,0,0
BRDA:525,26,1,0
BRDA:526,27,0,0
BRDA:526,27,1,0
BRDA:527,28,0,0
BRDA:527,28,1,0
BRDA:529,29,0,0
BRDA:529,29,1,0
BRDA:533,30,0,0
BRDA:533,30,1,0
BRDA:537,31,0,0
BRDA:537,31,1,0
BRDA:548,32,0,0
BRDA:548,32,1,0
BRDA:549,33,0,0
BRDA:549,33,1,0
BRDA:552,34,0,0
BRDA:552,34,1,0
BRDA:553,35,0,0
BRDA:553,35,1,0
BRDA:554,36,0,0
BRDA:554,36,1,0
BRDA:559,37,0,0
BRDA:559,37,1,0
BRDA:560,38,0,0
BRDA:560,38,1,0
BRDA:561,39,0,0
BRDA:561,39,1,0
BRDA:563,40,0,0
BRDA:563,40,1,0
BRF:82
BRH:0
end_of_record
TN:
SF:src\pages\ForgotPassword.jsx
FN:8,(anonymous_0)
FN:25,(anonymous_1)
FN:44,(anonymous_2)
FN:62,(anonymous_3)
FN:67,(anonymous_4)
FN:215,(anonymous_5)
FNF:6
FNH:0
FNDA:0,(anonymous_0)
FNDA:0,(anonymous_1)
FNDA:0,(anonymous_2)
FNDA:0,(anonymous_3)
FNDA:0,(anonymous_4)
FNDA:0,(anonymous_5)
DA:8,0
DA:9,0
DA:10,0
DA:16,0
DA:17,0
DA:25,0
DA:26,0
DA:27,0
DA:33,0
DA:34,0
DA:44,0
DA:45,0
DA:46,0
DA:48,0
DA:49,0
DA:53,0
DA:54,0
DA:56,0
DA:58,0
DA:62,0
DA:63,0
DA:64,0
DA:67,0
DA:68,0
DA:71,0
DA:72,0
DA:73,0
DA:74,0
DA:77,0
DA:78,0
DA:79,0
DA:82,0
DA:84,0
DA:85,0
DA:91,0
DA:92,0
DA:93,0
DA:94,0
DA:102,0
DA:104,0
DA:108,0
DA:215,0
LF:42
LH:0
BRDA:33,0,0,0
BRDA:33,0,1,0
BRDA:56,1,0,0
BRDA:56,1,1,0
BRDA:72,2,0,0
BRDA:72,2,1,0
BRDA:77,3,0,0
BRDA:77,3,1,0
BRDA:102,4,0,0
BRDA:102,4,1,0
BRDA:135,5,0,0
BRDA:135,5,1,0
BRDA:135,6,0,0
BRDA:135,6,1,0
BRDA:143,7,0,0
BRDA:143,7,1,0
BRDA:144,8,0,0
BRDA:144,8,1,0
BRDA:149,9,0,0
BRDA:149,9,1,0
BRDA:180,10,0,0
BRDA:180,10,1,0
BRDA:195,11,0,0
BRDA:195,11,1,0
BRDA:232,12,0,0
BRDA:232,12,1,0
BRDA:255,13,0,0
BRDA:255,13,1,0
BRDA:260,14,0,0
BRDA:260,14,1,0
BRDA:262,15,0,0
BRDA:262,15,1,0
BRDA:266,16,0,0
BRDA:266,16,1,0
BRDA:268,17,0,0
BRDA:268,17,1,0
BRDA:272,18,0,0
BRDA:272,18,1,0
BRDA:274,19,0,0
BRDA:274,19,1,0
BRDA:278,20,0,0
BRDA:278,20,1,0
BRDA:280,21,0,0
BRDA:280,21,1,0
BRDA:284,22,0,0
BRDA:284,22,1,0
BRDA:286,23,0,0
BRDA:286,23,1,0
BRDA:308,24,0,0
BRDA:308,24,1,0
BRDA:308,24,2,0
BRDA:315,25,0,0
BRDA:315,25,1,0
BRDA:315,25,2,0
BRDA:320,26,0,0
BRDA:320,26,1,0
BRF:56
BRH:0
end_of_record
TN:
SF:src\pages\History.jsx
FN:8,(anonymous_0)
FN:12,(anonymous_1)
FN:13,(anonymous_2)
FN:15,(anonymous_3)
FN:20,(anonymous_4)
FN:24,(anonymous_5)
FN:40,(anonymous_6)
FN:41,(anonymous_7)
FN:68,(anonymous_8)
FN:69,(anonymous_9)
FN:86,(anonymous_10)
FN:88,(anonymous_11)
FN:89,(anonymous_12)
FN:90,(anonymous_13)
FN:91,(anonymous_14)
FN:92,(anonymous_15)
FN:96,(anonymous_16)
FN:98,(anonymous_17)
FN:103,(anonymous_18)
FN:111,(anonymous_19)
FN:122,(anonymous_20)
FN:126,(anonymous_21)
FN:126,(anonymous_22)
FN:130,(anonymous_23)
FN:134,(anonymous_24)
FN:142,(anonymous_25)
FN:142,(anonymous_26)
FN:154,(anonymous_27)
FN:169,(anonymous_28)
FN:206,(anonymous_29)
FN:215,(anonymous_30)
FN:261,(anonymous_31)
FN:268,(anonymous_32)
FN:282,(anonymous_33)
FN:305,(anonymous_34)
FN:318,(anonymous_35)
FN:319,(anonymous_36)
FN:320,(anonymous_37)
FN:321,(anonymous_38)
FN:340,(anonymous_39)
FN:378,(anonymous_40)
FN:387,(anonymous_41)
FN:394,(anonymous_42)
FN:425,(anonymous_43)
FN:481,(anonymous_44)
FN:482,(anonymous_45)
FN:492,(anonymous_46)
FN:499,(anonymous_47)
FN:503,(anonymous_48)
FN:505,(anonymous_49)
FN:507,(anonymous_50)
FN:512,(anonymous_51)
FN:522,(anonymous_52)
FN:554,(anonymous_53)
FN:584,(anonymous_54)
FN:602,(anonymous_55)
FN:612,(anonymous_56)
FN:618,(anonymous_57)
FNF:58
FNH:0
FNDA:0,(anonymous_0)
FNDA:0,(anonymous_1)
FNDA:0,(anonymous_2)
FNDA:0,(anonymous_3)
FNDA:0,(anonymous_4)
FNDA:0,(anonymous_5)
FNDA:0,(anonymous_6)
FNDA:0,(anonymous_7)
FNDA:0,(anonymous_8)
FNDA:0,(anonymous_9)
FNDA:0,(anonymous_10)
FNDA:0,(anonymous_11)
FNDA:0,(anonymous_12)
FNDA:0,(anonymous_13)
FNDA:0,(anonymous_14)
FNDA:0,(anonymous_15)
FNDA:0,(anonymous_16)
FNDA:0,(anonymous_17)
FNDA:0,(anonymous_18)
FNDA:0,(anonymous_19)
FNDA:0,(anonymous_20)
FNDA:0,(anonymous_21)
FNDA:0,(anonymous_22)
FNDA:0,(anonymous_23)
FNDA:0,(anonymous_24)
FNDA:0,(anonymous_25)
FNDA:0,(anonymous_26)
FNDA:0,(anonymous_27)
FNDA:0,(anonymous_28)
FNDA:0,(anonymous_29)
FNDA:0,(anonymous_30)
FNDA:0,(anonymous_31)
FNDA:0,(anonymous_32)
FNDA:0,(anonymous_33)
FNDA:0,(anonymous_34)
FNDA:0,(anonymous_35)
FNDA:0,(anonymous_36)
FNDA:0,(anonymous_37)
FNDA:0,(anonymous_38)
FNDA:0,(anonymous_39)
FNDA:0,(anonymous_40)
FNDA:0,(anonymous_41)
FNDA:0,(anonymous_42)
FNDA:0,(anonymous_43)
FNDA:0,(anonymous_44)
FNDA:0,(anonymous_45)
FNDA:0,(anonymous_46)
FNDA:0,(anonymous_47)
FNDA:0,(anonymous_48)
FNDA:0,(anonymous_49)
FNDA:0,(anonymous_50)
FNDA:0,(anonymous_51)
FNDA:0,(anonymous_52)
FNDA:0,(anonymous_53)
FNDA:0,(anonymous_54)
FNDA:0,(anonymous_55)
FNDA:0,(anonymous_56)
FNDA:0,(anonymous_57)
DA:8,0
DA:9,0
DA:10,0
DA:11,0
DA:12,0
DA:13,0
DA:14,0
DA:15,0
DA:16,0
DA:17,0
DA:18,0
DA:20,0
DA:21,0
DA:24,0
DA:25,0
DA:26,0
DA:27,0
DA:29,0
DA:30,0
DA:31,0
DA:33,0
DA:36,0
DA:40,0
DA:41,0
DA:43,0
DA:44,0
DA:48,0
DA:49,0
DA:50,0
DA:51,0
DA:52,0
DA:53,0
DA:58,0
DA:59,0
DA:60,0
DA:61,0
DA:64,0
DA:68,0
DA:69,0
DA:70,0
DA:71,0
DA:72,0
DA:73,0
DA:74,0
DA:75,0
DA:76,0
DA:77,0
DA:78,0
DA:79,0
DA:80,0
DA:82,0
DA:86,0
DA:87,0
DA:88,0
DA:89,0
DA:90,0
DA:91,0
DA:92,0
DA:93,0
DA:96,0
DA:97,0
DA:98,0
DA:101,0
DA:103,0
DA:111,0
DA:113,0
DA:114,0
DA:115,0
DA:116,0
DA:117,0
DA:118,0
DA:119,0
DA:122,0
DA:123,0
DA:124,0
DA:126,0
DA:130,0
DA:131,0
DA:133,0
DA:134,0
DA:135,0
DA:136,0
DA:139,0
DA:142,0
DA:143,0
DA:144,0
DA:147,0
DA:148,0
DA:150,0
DA:154,0
DA:155,0
DA:157,0
DA:159,0
DA:161,0
DA:163,0
DA:165,0
DA:169,0
DA:170,0
DA:172,0
DA:174,0
DA:176,0
DA:178,0
DA:180,0
DA:184,0
DA:185,0
DA:192,0
DA:206,0
DA:215,0
DA:261,0
DA:268,0
DA:282,0
DA:306,0
DA:307,0
DA:308,0
DA:318,0
DA:319,0
DA:320,0
DA:321,0
DA:341,0
DA:342,0
DA:343,0
DA:378,0
DA:387,0
DA:394,0
DA:426,0
DA:427,0
DA:428,0
DA:429,0
DA:430,0
DA:431,0
DA:482,0
DA:483,0
DA:493,0
DA:494,0
DA:499,0
DA:504,0
DA:505,0
DA:506,0
DA:507,0
DA:512,0
DA:523,0
DA:524,0
DA:555,0
DA:556,0
DA:557,0
DA:558,0
DA:585,0
DA:586,0
DA:603,0
DA:604,0
DA:605,0
DA:606,0
DA:613,0
DA:614,0
DA:615,0
DA:619,0
DA:620,0
DA:621,0
DA:622,0
LF:159
LH:0
BRDA:12,0,0,0
BRDA:12,0,1,0
BRDA:13,1,0,0
BRDA:13,1,1,0
BRDA:15,2,0,0
BRDA:15,2,1,0
BRDA:27,3,0,0
BRDA:27,3,1,0
BRDA:29,4,0,0
BRDA:29,4,1,0
BRDA:43,5,0,0
BRDA:43,5,1,0
BRDA:43,6,0,0
BRDA:43,6,1,0
BRDA:48,7,0,0
BRDA:48,7,1,0
BRDA:50,8,0,0
BRDA:50,8,1,0
BRDA:51,9,0,0
BRDA:51,9,1,0
BRDA:52,10,0,0
BRDA:52,10,1,0
BRDA:52,11,0,0
BRDA:52,11,1,0
BRDA:58,12,0,0
BRDA:58,12,1,0
BRDA:58,13,0,0
BRDA:58,13,1,0
BRDA:60,14,0,0
BRDA:60,14,1,0
BRDA:60,15,0,0
BRDA:60,15,1,0
BRDA:61,16,0,0
BRDA:61,16,1,0
BRDA:61,17,0,0
BRDA:61,17,1,0
BRDA:70,18,0,0
BRDA:70,18,1,0
BRDA:71,19,0,0
BRDA:71,19,1,0
BRDA:71,20,0,0
BRDA:71,20,1,0
BRDA:72,21,0,0
BRDA:72,21,1,0
BRDA:73,22,0,0
BRDA:73,22,1,0
BRDA:73,23,0,0
BRDA:73,23,1,0
BRDA:74,24,0,0
BRDA:74,24,1,0
BRDA:75,25,0,0
BRDA:75,25,1,0
BRDA:75,26,0,0
BRDA:75,26,1,0
BRDA:76,27,0,0
BRDA:76,27,1,0
BRDA:77,28,0,0
BRDA:77,28,1,0
BRDA:77,29,0,0
BRDA:77,29,1,0
BRDA:78,30,0,0
BRDA:78,30,1,0
BRDA:80,31,0,0
BRDA:80,31,1,0
BRDA:80,32,0,0
BRDA:80,32,1,0
BRDA:92,33,0,0
BRDA:92,33,1,0
BRDA:92,34,0,0
BRDA:92,34,1,0
BRDA:97,35,0,0
BRDA:97,35,1,0
BRDA:104,36,0,0
BRDA:104,36,1,0
BRDA:106,37,0,0
BRDA:106,37,1,0
BRDA:107,38,0,0
BRDA:107,38,1,0
BRDA:108,39,0,0
BRDA:108,39,1,0
BRDA:109,40,0,0
BRDA:109,40,1,0
BRDA:123,41,0,0
BRDA:123,41,1,0
BRDA:131,42,0,0
BRDA:131,42,1,0
BRDA:155,43,0,0
BRDA:155,43,1,0
BRDA:155,43,2,0
BRDA:155,43,3,0
BRDA:155,43,4,0
BRDA:170,44,0,0
BRDA:170,44,1,0
BRDA:170,44,2,0
BRDA:170,44,3,0
BRDA:170,44,4,0
BRDA:184,45,0,0
BRDA:184,45,1,0
BRDA:207,46,0,0
BRDA:207,46,1,0
BRDA:216,47,0,0
BRDA:216,47,1,0
BRDA:267,48,0,0
BRDA:267,48,1,0
BRDA:285,49,0,0
BRDA:285,49,1,0
BRDA:286,50,0,0
BRDA:286,50,1,0
BRDA:365,51,0,0
BRDA:365,51,1,0
BRDA:392,52,0,0
BRDA:392,52,1,0
BRDA:392,52,2,0
BRDA:412,53,0,0
BRDA:412,53,1,0
BRDA:423,54,0,0
BRDA:423,54,1,0
BRDA:423,54,2,0
BRDA:423,54,3,0
BRDA:423,54,4,0
BRDA:423,54,5,0
BRDA:455,55,0,0
BRDA:455,55,1,0
BRDA:461,56,0,0
BRDA:461,56,1,0
BRDA:470,57,0,0
BRDA:470,57,1,0
BRDA:472,58,0,0
BRDA:472,58,1,0
BRDA:479,59,0,0
BRDA:479,59,1,0
BRDA:480,60,0,0
BRDA:480,60,1,0
BRDA:485,61,0,0
BRDA:485,61,1,0
BRDA:490,62,0,0
BRDA:490,62,1,0
BRDA:493,63,0,0
BRDA:493,63,1,0
BRDA:493,64,0,0
BRDA:493,64,1,0
BRDA:494,65,0,0
BRDA:494,65,1,0
BRDA:506,66,0,0
BRDA:506,66,1,0
BRDA:517,67,0,0
BRDA:517,67,1,0
BRDA:517,68,0,0
BRDA:517,68,1,0
BRDA:530,69,0,0
BRDA:530,69,1,0
BRDA:530,70,0,0
BRDA:530,70,1,0
BRDA:532,71,0,0
BRDA:532,71,1,0
BRDA:532,72,0,0
BRDA:532,72,1,0
BRDA:537,73,0,0
BRDA:537,73,1,0
BRDA:537,73,2,0
BRDA:538,74,0,0
BRDA:538,74,1,0
BRDA:538,74,2,0
BRDA:541,75,0,0
BRDA:541,75,1,0
BRDA:556,76,0,0
BRDA:556,76,1,0
BRDA:556,77,0,0
BRDA:556,77,1,0
BRDA:557,78,0,0
BRDA:557,78,1,0
BRDA:557,79,0,0
BRDA:557,79,1,0
BRDA:566,80,0,0
BRDA:566,80,1,0
BRDA:567,81,0,0
BRDA:567,81,1,0
BRDA:568,82,0,0
BRDA:568,82,1,0
BRDA:571,83,0,0
BRDA:571,83,1,0
BRDA:579,84,0,0
BRDA:579,84,1,0
BRDA:580,85,0,0
BRDA:580,85,1,0
BRDA:580,86,0,0
BRDA:580,86,1,0
BRDA:586,87,0,0
BRDA:586,87,1,0
BRDA:604,88,0,0
BRDA:604,88,1,0
BRDA:604,89,0,0
BRDA:604,89,1,0
BRDA:605,90,0,0
BRDA:605,90,1,0
BRDA:605,91,0,0
BRDA:605,91,1,0
BRDA:614,92,0,0
BRDA:614,92,1,0
BRDA:614,93,0,0
BRDA:614,93,1,0
BRDA:615,94,0,0
BRDA:615,94,1,0
BRDA:615,95,0,0
BRDA:615,95,1,0
BRDA:620,96,0,0
BRDA:620,96,1,0
BRDA:620,97,0,0
BRDA:620,97,1,0
BRDA:621,98,0,0
BRDA:621,98,1,0
BRDA:621,99,0,0
BRDA:621,99,1,0
BRF:213
BRH:0
end_of_record
TN:
SF:src\pages\Home.jsx
FN:6,(anonymous_0)
FN:94,(anonymous_1)
FN:110,(anonymous_2)
FN:126,(anonymous_3)
FN:410,(anonymous_4)
FN:411,(anonymous_5)
FN:416,(anonymous_6)
FN:447,(anonymous_7)
FN:477,(anonymous_8)
FNF:9
FNH:0
FNDA:0,(anonymous_0)
FNDA:0,(anonymous_1)
FNDA:0,(anonymous_2)
FNDA:0,(anonymous_3)
FNDA:0,(anonymous_4)
FNDA:0,(anonymous_5)
FNDA:0,(anonymous_6)
FNDA:0,(anonymous_7)
FNDA:0,(anonymous_8)
DA:6,0
DA:7,0
DA:8,0
DA:10,0
DA:94,0
DA:110,0
DA:126,0
DA:410,0
DA:411,0
DA:416,0
DA:447,0
DA:477,0
LF:12
LH:0
BRDA:35,0,0,0
BRDA:35,0,1,0
BRDA:394,1,0,0
BRDA:394,1,1,0
BRDA:409,2,0,0
BRDA:409,2,1,0
BRDA:412,3,0,0
BRDA:412,3,1,0
BRDA:443,4,0,0
BRDA:443,4,1,0
BRDA:473,5,0,0
BRDA:473,5,1,0
BRF:12
BRH:0
end_of_record
TN:
SF:src\pages\Login.jsx
FN:8,(anonymous_0)
FN:18,(anonymous_1)
FN:25,(anonymous_2)
FN:129,(anonymous_3)
FNF:4
FNH:0
FNDA:0,(anonymous_0)
FNDA:0,(anonymous_1)
FNDA:0,(anonymous_2)
FNDA:0,(anonymous_3)
DA:8,0
DA:9,0
DA:13,0
DA:14,0
DA:15,0
DA:16,0
DA:18,0
DA:19,0
DA:25,0
DA:26,0
DA:27,0
DA:29,0
DA:30,0
DA:32,0
DA:33,0
DA:34,0
DA:36,0
DA:39,0
DA:41,0
DA:45,0
DA:129,0
LF:21
LH:0
BRDA:32,0,0,0
BRDA:32,0,1,0
BRDA:120,1,0,0
BRDA:120,1,1,0
BRDA:132,2,0,0
BRDA:132,2,1,0
BRDA:160,3,0,0
BRDA:160,3,1,0
BRF:8
BRH:0
end_of_record
TN:
SF:src\pages\Register.jsx
FN:8,(anonymous_0)
FN:9,(anonymous_1)
FN:23,(anonymous_2)
FN:30,(anonymous_3)
FN:38,(anonymous_4)
FN:64,(anonymous_5)
FN:127,(anonymous_6)
FN:254,(anonymous_7)
FN:310,(anonymous_8)
FNF:9
FNH:0
FNDA:0,(anonymous_0)
FNDA:0,(anonymous_1)
FNDA:0,(anonymous_2)
FNDA:0,(anonymous_3)
FNDA:0,(anonymous_4)
FNDA:0,(anonymous_5)
FNDA:0,(anonymous_6)
FNDA:0,(anonymous_7)
FNDA:0,(anonymous_8)
DA:8,0
DA:9,0
DA:15,0
DA:16,0
DA:17,0
DA:18,0
DA:19,0
DA:20,0
DA:21,0
DA:23,0
DA:24,0
DA:30,0
DA:38,0
DA:39,0
DA:41,0
DA:42,0
DA:43,0
DA:46,0
DA:48,0
DA:49,0
DA:51,0
DA:52,0
DA:53,0
DA:55,0
DA:58,0
DA:60,0
DA:64,0
DA:65,0
DA:66,0
DA:68,0
DA:69,0
DA:71,0
DA:72,0
DA:73,0
DA:75,0
DA:78,0
DA:80,0
DA:84,0
DA:85,0
DA:127,0
DA:155,0
DA:254,0
DA:310,0
LF:43
LH:0
BRDA:41,0,0,0
BRDA:41,0,1,0
BRDA:51,1,0,0
BRDA:51,1,1,0
BRDA:71,2,0,0
BRDA:71,2,1,0
BRDA:84,3,0,0
BRDA:84,3,1,0
BRDA:134,4,0,0
BRDA:134,4,1,0
BRDA:139,5,0,0
BRDA:139,5,1,0
BRDA:245,6,0,0
BRDA:245,6,1,0
BRDA:257,7,0,0
BRDA:257,7,1,0
BRDA:269,8,0,0
BRDA:269,8,1,0
BRDA:271,9,0,0
BRDA:271,9,1,0
BRDA:272,10,0,0
BRDA:272,10,1,0
BRDA:276,11,0,0
BRDA:276,11,1,0
BRDA:277,12,0,0
BRDA:277,12,1,0
BRDA:279,13,0,0
BRDA:279,13,1,0
BRDA:280,14,0,0
BRDA:280,14,1,0
BRDA:282,15,0,0
BRDA:282,15,1,0
BRDA:283,16,0,0
BRDA:283,16,1,0
BRDA:285,17,0,0
BRDA:285,17,1,0
BRDA:286,18,0,0
BRDA:286,18,1,0
BRDA:301,19,0,0
BRDA:301,19,1,0
BRDA:313,20,0,0
BRDA:313,20,1,0
BRDA:325,21,0,0
BRDA:325,21,1,0
BRDA:327,22,0,0
BRDA:327,22,1,0
BRDA:328,23,0,0
BRDA:328,23,1,0
BRDA:329,24,0,0
BRDA:329,24,1,0
BRDA:363,25,0,0
BRDA:363,25,1,0
BRF:52
BRH:0
end_of_record
TN:
SF:src\pages\Settings.jsx
FN:9,(anonymous_0)
FN:33,(anonymous_1)
FN:50,(anonymous_2)
FN:58,(anonymous_3)
FN:66,(anonymous_4)
FN:97,(anonymous_5)
FN:115,(anonymous_6)
FN:137,(anonymous_7)
FN:167,(anonymous_8)
FN:209,(anonymous_9)
FN:212,(anonymous_10)
FN:301,(anonymous_11)
FN:369,(anonymous_12)
FN:455,(anonymous_13)
FN:489,(anonymous_14)
FN:524,(anonymous_15)
FN:661,(anonymous_16)
FN:695,(anonymous_17)
FN:720,(anonymous_18)
FN:788,(anonymous_19)
FN:816,(anonymous_20)
FN:848,(anonymous_21)
FN:930,(anonymous_22)
FN:936,(anonymous_23)
FN:962,(anonymous_24)
FN:968,(anonymous_25)
FN:1036,(anonymous_26)
FN:1042,(anonymous_27)
FN:1073,(anonymous_28)
FN:1122,(anonymous_29)
FN:1128,(anonymous_30)
FNF:31
FNH:0
FNDA:0,(anonymous_0)
FNDA:0,(anonymous_1)
FNDA:0,(anonymous_2)
FNDA:0,(anonymous_3)
FNDA:0,(anonymous_4)
FNDA:0,(anonymous_5)
FNDA:0,(anonymous_6)
FNDA:0,(anonymous_7)
FNDA:0,(anonymous_8)
FNDA:0,(anonymous_9)
FNDA:0,(anonymous_10)
FNDA:0,(anonymous_11)
FNDA:0,(anonymous_12)
FNDA:0,(anonymous_13)
FNDA:0,(anonymous_14)
FNDA:0,(anonymous_15)
FNDA:0,(anonymous_16)
FNDA:0,(anonymous_17)
FNDA:0,(anonymous_18)
FNDA:0,(anonymous_19)
FNDA:0,(anonymous_20)
FNDA:0,(anonymous_21)
FNDA:0,(anonymous_22)
FNDA:0,(anonymous_23)
FNDA:0,(anonymous_24)
FNDA:0,(anonymous_25)
FNDA:0,(anonymous_26)
FNDA:0,(anonymous_27)
FNDA:0,(anonymous_28)
FNDA:0,(anonymous_29)
FNDA:0,(anonymous_30)
DA:9,0
DA:10,0
DA:11,0
DA:12,0
DA:13,0
DA:14,0
DA:15,0
DA:16,0
DA:17,0
DA:18,0
DA:19,0
DA:20,0
DA:25,0
DA:26,0
DA:27,0
DA:28,0
DA:29,0
DA:33,0
DA:34,0
DA:35,0
DA:37,0
DA:38,0
DA:39,0
DA:40,0
DA:41,0
DA:42,0
DA:44,0
DA:45,0
DA:46,0
DA:47,0
DA:50,0
DA:51,0
DA:52,0
DA:54,0
DA:58,0
DA:59,0
DA:60,0
DA:61,0
DA:63,0
DA:66,0
DA:67,0
DA:68,0
DA:86,0
DA:87,0
DA:97,0
DA:98,0
DA:100,0
DA:101,0
DA:102,0
DA:103,0
DA:104,0
DA:105,0
DA:107,0
DA:108,0
DA:111,0
DA:115,0
DA:116,0
DA:118,0
DA:119,0
DA:120,0
DA:123,0
DA:124,0
DA:125,0
DA:126,0
DA:127,0
DA:128,0
DA:130,0
DA:131,0
DA:133,0
DA:137,0
DA:138,0
DA:139,0
DA:140,0
DA:142,0
DA:143,0
DA:144,0
DA:146,0
DA:147,0
DA:148,0
DA:151,0
DA:152,0
DA:153,0
DA:157,0
DA:158,0
DA:159,0
DA:161,0
DA:163,0
DA:167,0
DA:168,0
DA:169,0
DA:170,0
DA:173,0
DA:174,0
DA:175,0
DA:176,0
DA:177,0
DA:178,0
DA:180,0
DA:182,0
DA:186,0
DA:193,0
DA:210,0
DA:212,0
DA:301,0
DA:369,0
DA:455,0
DA:489,0
DA:524,0
DA:661,0
DA:695,0
DA:720,0
DA:788,0
DA:816,0
DA:848,0
DA:930,0
DA:936,0
DA:962,0
DA:968,0
DA:1036,0
DA:1042,0
DA:1074,0
DA:1075,0
DA:1076,0
DA:1077,0
DA:1078,0
DA:1122,0
DA:1129,0
DA:1130,0
LF:128
LH:0
BRDA:30,0,0,0
BRDA:30,0,1,0
BRDA:35,1,0,0
BRDA:35,1,1,0
BRDA:38,2,0,0
BRDA:38,2,1,0
BRDA:39,3,0,0
BRDA:39,3,1,0
BRDA:40,4,0,0
BRDA:40,4,1,0
BRDA:40,5,0,0
BRDA:40,5,1,0
BRDA:41,6,0,0
BRDA:41,6,1,0
BRDA:42,7,0,0
BRDA:42,7,1,0
BRDA:44,8,0,0
BRDA:44,8,1,0
BRDA:45,9,0,0
BRDA:45,9,1,0
BRDA:46,10,0,0
BRDA:46,10,1,0
BRDA:51,11,0,0
BRDA:51,11,1,0
BRDA:51,12,0,0
BRDA:51,12,1,0
BRDA:59,13,0,0
BRDA:59,13,1,0
BRDA:59,14,0,0
BRDA:59,14,1,0
BRDA:67,15,0,0
BRDA:67,15,1,0
BRDA:67,16,0,0
BRDA:67,16,1,0
BRDA:100,17,0,0
BRDA:100,17,1,0
BRDA:100,18,0,0
BRDA:100,18,1,0
BRDA:102,19,0,0
BRDA:102,19,1,0
BRDA:116,20,0,0
BRDA:116,20,1,0
BRDA:116,20,2,0
BRDA:118,21,0,0
BRDA:118,21,1,0
BRDA:131,22,0,0
BRDA:131,22,1,0
BRDA:138,23,0,0
BRDA:138,23,1,0
BRDA:142,24,0,0
BRDA:142,24,1,0
BRDA:142,25,0,0
BRDA:142,25,1,0
BRDA:146,26,0,0
BRDA:146,26,1,0
BRDA:161,27,0,0
BRDA:161,27,1,0
BRDA:168,28,0,0
BRDA:168,28,1,0
BRDA:214,29,0,0
BRDA:214,29,1,0
BRDA:229,30,0,0
BRDA:229,30,1,0
BRDA:249,31,0,0
BRDA:249,31,1,0
BRDA:249,32,0,0
BRDA:249,32,1,0
BRDA:255,33,0,0
BRDA:255,33,1,0
BRDA:255,33,2,0
BRDA:299,34,0,0
BRDA:299,34,1,0
BRDA:329,35,0,0
BRDA:329,35,1,0
BRDA:388,36,0,0
BRDA:388,36,1,0
BRDA:409,37,0,0
BRDA:409,37,1,0
BRDA:422,38,0,0
BRDA:422,38,1,0
BRDA:422,39,0,0
BRDA:422,39,1,0
BRDA:422,39,2,0
BRDA:445,40,0,0
BRDA:445,40,1,0
BRDA:446,41,0,0
BRDA:446,41,1,0
BRDA:479,42,0,0
BRDA:479,42,1,0
BRDA:480,43,0,0
BRDA:480,43,1,0
BRDA:513,44,0,0
BRDA:513,44,1,0
BRDA:514,45,0,0
BRDA:514,45,1,0
BRDA:533,46,0,0
BRDA:533,46,1,0
BRDA:535,47,0,0
BRDA:535,47,1,0
BRDA:537,48,0,0
BRDA:537,48,1,0
BRDA:544,49,0,0
BRDA:544,49,1,0
BRDA:548,50,0,0
BRDA:548,50,1,0
BRDA:560,51,0,0
BRDA:560,51,1,0
BRDA:562,52,0,0
BRDA:562,52,1,0
BRDA:566,53,0,0
BRDA:566,53,1,0
BRDA:566,54,0,0
BRDA:566,54,1,0
BRDA:569,55,0,0
BRDA:569,55,1,0
BRDA:571,56,0,0
BRDA:571,56,1,0
BRDA:575,57,0,0
BRDA:575,57,1,0
BRDA:577,58,0,0
BRDA:577,58,1,0
BRDA:581,59,0,0
BRDA:581,59,1,0
BRDA:615,60,0,0
BRDA:615,60,1,0
BRDA:628,61,0,0
BRDA:628,61,1,0
BRDA:628,62,0,0
BRDA:628,62,1,0
BRDA:651,63,0,0
BRDA:651,63,1,0
BRDA:652,64,0,0
BRDA:652,64,1,0
BRDA:685,65,0,0
BRDA:685,65,1,0
BRDA:686,66,0,0
BRDA:686,66,1,0
BRDA:748,67,0,0
BRDA:748,67,1,0
BRDA:778,68,0,0
BRDA:778,68,1,0
BRDA:779,69,0,0
BRDA:779,69,1,0
BRDA:886,70,0,0
BRDA:886,70,1,0
BRDA:902,71,0,0
BRDA:902,71,1,0
BRDA:902,72,0,0
BRDA:902,72,1,0
BRDA:902,72,2,0
BRDA:906,73,0,0
BRDA:906,73,1,0
BRDA:906,73,2,0
BRDA:928,74,0,0
BRDA:928,74,1,0
BRDA:939,75,0,0
BRDA:939,75,1,0
BRDA:960,76,0,0
BRDA:960,76,1,0
BRDA:971,77,0,0
BRDA:971,77,1,0
BRDA:985,78,0,0
BRDA:985,78,1,0
BRDA:993,79,0,0
BRDA:993,79,1,0
BRDA:993,80,0,0
BRDA:993,80,1,0
BRDA:993,81,0,0
BRDA:993,81,1,0
BRDA:1006,82,0,0
BRDA:1006,82,1,0
BRDA:1007,83,0,0
BRDA:1007,83,1,0
BRDA:1010,84,0,0
BRDA:1010,84,1,0
BRDA:1010,85,0,0
BRDA:1010,85,1,0
BRDA:1011,86,0,0
BRDA:1011,86,1,0
BRDA:1011,87,0,0
BRDA:1011,87,1,0
BRDA:1014,88,0,0
BRDA:1014,88,1,0
BRDA:1015,89,0,0
BRDA:1015,89,1,0
BRDA:1018,90,0,0
BRDA:1018,90,1,0
BRDA:1019,91,0,0
BRDA:1019,91,1,0
BRDA:1034,92,0,0
BRDA:1034,92,1,0
BRDA:1045,93,0,0
BRDA:1045,93,1,0
BRDA:1057,94,0,0
BRDA:1057,94,1,0
BRDA:1061,95,0,0
BRDA:1061,95,1,0
BRDA:1063,96,0,0
BRDA:1063,96,1,0
BRDA:1064,97,0,0
BRDA:1064,97,1,0
BRDA:1086,98,0,0
BRDA:1086,98,1,0
BRDA:1086,98,2,0
BRDA:1086,98,3,0
BRDA:1089,99,0,0
BRDA:1089,99,1,0
BRDA:1105,100,0,0
BRDA:1105,100,1,0
BRDA:1138,101,0,0
BRDA:1138,101,1,0
BRDA:1141,102,0,0
BRDA:1141,102,1,0
BRF:213
BRH:0
end_of_record
TN:
SF:src\utils\api.js
FN:7,(anonymous_0)
FN:23,(anonymous_1)
FN:34,(anonymous_2)
FN:49,(anonymous_3)
FN:53,(anonymous_4)
FN:64,(anonymous_5)
FN:78,(anonymous_6)
FNF:7
FNH:0
FNDA:0,(anonymous_0)
FNDA:0,(anonymous_1)
FNDA:0,(anonymous_2)
FNDA:0,(anonymous_3)
FNDA:0,(anonymous_4)
FNDA:0,(anonymous_5)
FNDA:0,(anonymous_6)
DA:4,0
DA:5,0
DA:7,0
DA:8,0
DA:9,0
DA:10,0
DA:11,0
DA:13,0
DA:16,0
DA:22,0
DA:24,0
DA:25,0
DA:26,0
DA:29,0
DA:30,0
DA:31,0
DA:32,0
DA:33,0
DA:34,0
DA:43,0
DA:47,0
DA:49,0
DA:52,0
DA:54,0
DA:55,0
DA:56,0
DA:57,0
DA:59,0
DA:62,0
DA:65,0
DA:67,0
DA:69,0
DA:70,0
DA:72,0
DA:75,0
DA:76,0
DA:77,0
DA:78,0
DA:79,0
DA:82,0
DA:83,0
DA:84,0
DA:85,0
DA:88,0
LF:44
LH:0
BRDA:4,0,0,0
BRDA:4,0,1,0
BRDA:25,1,0,0
BRDA:25,1,1,0
BRDA:29,2,0,0
BRDA:29,2,1,0
BRDA:29,3,0,0
BRDA:29,3,1,0
BRDA:31,4,0,0
BRDA:31,4,1,0
BRDA:33,5,0,0
BRDA:33,5,1,0
BRDA:54,6,0,0
BRDA:54,6,1,0
BRDA:54,7,0,0
BRDA:54,7,1,0
BRDA:56,8,0,0
BRDA:56,8,1,0
BRDA:67,9,0,0
BRDA:67,9,1,0
BRDA:69,10,0,0
BRDA:69,10,1,0
BRDA:70,11,0,0
BRDA:70,11,1,0
BRDA:72,12,0,0
BRDA:72,12,1,0
BRDA:72,12,2,0
BRDA:75,13,0,0
BRDA:75,13,1,0
BRDA:82,14,0,0
BRDA:82,14,1,0
BRF:31
BRH:0
end_of_record
TN:
SF:src\utils\apiCache.js
FN:6,(anonymous_0)
FN:18,(anonymous_1)
FN:25,(anonymous_2)
FN:33,(anonymous_3)
FNF:4
FNH:0
FNDA:0,(anonymous_0)
FNDA:0,(anonymous_1)
FNDA:0,(anonymous_2)
FNDA:0,(anonymous_3)
DA:3,0
DA:4,0
DA:6,0
DA:7,0
DA:8,0
DA:10,0
DA:11,0
DA:12,0
DA:15,0
DA:18,0
DA:19,0
DA:25,0
DA:26,0
DA:27,0
DA:29,0
DA:33,0
DA:34,0
DA:35,0
DA:36,0
DA:37,0
DA:43,0
LF:21
LH:0
BRDA:8,0,0,0
BRDA:8,0,1,0
BRDA:10,1,0,0
BRDA:10,1,1,0
BRDA:26,2,0,0
BRDA:26,2,1,0
BRDA:36,3,0,0
BRDA:36,3,1,0
BRF:8
BRH:0
end_of_record
TN:
SF:src\utils\exportReport.js
FN:1,(anonymous_0)
FN:7,(anonymous_1)
FN:9,(anonymous_2)
FN:18,(anonymous_3)
FN:23,(anonymous_4)
FNF:5
FNH:0
FNDA:0,(anonymous_0)
FNDA:0,(anonymous_1)
FNDA:0,(anonymous_2)
FNDA:0,(anonymous_3)
FNDA:0,(anonymous_4)
DA:1,0
DA:2,0
DA:3,0
DA:4,0
DA:7,0
DA:8,0
DA:9,0
DA:10,0
DA:13,0
DA:14,0
DA:15,0
DA:18,0
DA:20,0
DA:23,0
DA:24,0
DA:25,0
DA:26,0
DA:27,0
DA:28,0
DA:29,0
DA:30,0
DA:31,0
LF:22
LH:0
BRDA:1,0,0,0
BRDA:7,1,0,0
BRDA:10,2,0,0
BRDA:10,2,1,0
BRDA:18,3,0,0
BRF:5
BRH:0
end_of_record
TN:
SF:src\utils\notifications.js
FN:3,(anonymous_0)
FN:21,(anonymous_1)
FN:31,(anonymous_2)
FN:38,(anonymous_3)
FN:54,(anonymous_4)
FN:70,(anonymous_5)
FNF:6
FNH:0
FNDA:0,(anonymous_0)
FNDA:0,(anonymous_1)
FNDA:0,(anonymous_2)
FNDA:0,(anonymous_3)
FNDA:0,(anonymous_4)
FNDA:0,(anonymous_5)
DA:3,0
DA:4,0
DA:5,0
DA:6,0
DA:9,0
DA:10,0
DA:13,0
DA:14,0
DA:15,0
DA:18,0
DA:21,0
DA:22,0
DA:23,0
DA:31,0
DA:33,0
DA:35,0
DA:38,0
DA:39,0
DA:41,0
DA:42,0
DA:43,0
DA:54,0
DA:55,0
DA:57,0
DA:58,0
DA:70,0
DA:71,0
DA:73,0
DA:74,0
LF:29
LH:0
BRDA:4,0,0,0
BRDA:4,0,1,0
BRDA:9,1,0,0
BRDA:9,1,1,0
BRDA:13,2,0,0
BRDA:13,2,1,0
BRDA:21,3,0,0
BRDA:22,4,0,0
BRDA:22,4,1,0
BRDA:22,5,0,0
BRDA:22,5,1,0
BRDA:39,6,0,0
BRDA:39,6,1,0
BRDA:41,7,0,0
BRDA:41,7,1,0
BRDA:46,8,0,0
BRDA:46,8,1,0
BRDA:55,9,0,0
BRDA:55,9,1,0
BRDA:57,10,0,0
BRDA:57,10,1,0
BRDA:71,11,0,0
BRDA:71,11,1,0
BRDA:73,12,0,0
BRDA:73,12,1,0
BRF:25
BRH:0
end_of_record
TN:
SF:src\utils\rateLimiter.js
FN:2,(anonymous_0)
FN:8,(anonymous_1)
FN:10,(anonymous_2)
FN:20,(anonymous_3)
FNF:4
FNH:0
FNDA:0,(anonymous_0)
FNDA:0,(anonymous_1)
FNDA:0,(anonymous_2)
FNDA:0,(anonymous_3)
DA:3,0
DA:4,0
DA:5,0
DA:9,0
DA:10,0
DA:12,0
DA:13,0
DA:16,0
DA:17,0
DA:21,0
DA:22,0
DA:25,0
DA:26,0
DA:27,0
DA:31,0
DA:32,0
LF:16
LH:0
BRDA:2,0,0,0
BRDA:2,1,0,0
BRDA:12,2,0,0
BRDA:12,2,1,0
BRDA:21,3,0,0
BRDA:21,3,1,0
BRF:6
BRH:0
end_of_record
TN:
SF:src\utils\sanitize.js
FN:3,(anonymous_0)
FN:11,(anonymous_1)
FN:21,(anonymous_2)
FN:29,(anonymous_3)
FN:36,(anonymous_4)
FN:40,(anonymous_5)
FN:48,(anonymous_6)
FN:53,(anonymous_7)
FNF:8
FNH:0
FNDA:0,(anonymous_0)
FNDA:0,(anonymous_1)
FNDA:0,(anonymous_2)
FNDA:0,(anonymous_3)
FNDA:0,(anonymous_4)
FNDA:0,(anonymous_5)
FNDA:0,(anonymous_6)
FNDA:0,(anonymous_7)
DA:3,0
DA:4,0
DA:6,0
DA:11,0
DA:12,0
DA:14,0
DA:21,0
DA:22,0
DA:24,0
DA:29,0
DA:30,0
DA:36,0
DA:37,0
DA:39,0
DA:40,0
DA:41,0
DA:42,0
DA:44,0
DA:48,0
DA:49,0
DA:50,0
DA:53,0
DA:54,0
LF:23
LH:0
BRDA:4,0,0,0
BRDA:4,0,1,0
BRDA:12,1,0,0
BRDA:12,1,1,0
BRDA:22,2,0,0
BRDA:22,2,1,0
BRDA:37,3,0,0
BRDA:37,3,1,0
BRDA:37,4,0,0
BRDA:37,4,1,0
BRDA:41,5,0,0
BRDA:41,5,1,0
BRDA:49,6,0,0
BRDA:49,6,1,0
BRDA:49,7,0,0
BRDA:49,7,1,0
BRF:16
BRH:0
end_of_record
